2025-04-11 12:24:16,268 - INFO - No match found for vessel 11: AMINE (IMO: 8816742)
2025-04-11 12:24:16,478 - INFO - No match found for vessel 1: ABRELA (IMO: 9208978)
2025-04-11 12:24:16,534 - INFO - No match found for vessel 6: ALMIRANTE (IMO: 7529536)
2025-04-11 12:24:19,240 - INFO - No match found for vessel 2: AGIA GANA (IMO: 8834158)
2025-04-11 12:24:19,312 - INFO - No match found for vessel 12: AMINE (IMO: 8816730)
2025-04-11 12:24:19,526 - INFO - No match found for vessel 7: AMA ASABA (IMO: 7905170)
2025-04-11 12:24:22,413 - INFO - No match found for vessel 13: ANTA SARR (IMO: 8741399)
2025-04-11 12:24:22,451 - INFO - No match found for vessel 3: AGUENE (IMO: 9714446)
2025-04-11 12:24:22,642 - INFO - No match found for vessel 8: AMERGER I (IMO: 7934597)
2025-04-11 12:24:25,380 - INFO - No match found for vessel 4: ALINE SITOE DIATTA (IMO: 9383132)
2025-04-11 12:24:25,611 - INFO - No match found for vessel 9: AMERGER II (IMO: 8012607)
2025-04-11 12:24:25,963 - INFO - No match found for vessel 14: AUGUSTIN E LY (IMO: 8880183)
2025-04-11 12:24:28,134 - INFO - No match found for vessel 5: ALMADIES (IMO: 8116544)
2025-04-11 12:24:28,657 - INFO - No match found for vessel 10: AMERGER III (IMO: 8012619)
2025-04-11 12:24:28,951 - INFO - No match found for vessel 15: BAKURUS (IMO: 8321280)
2025-04-11 12:24:31,325 - INFO - No match found for vessel 16: BALIDAR (IMO: 5034604)
2025-04-11 12:24:32,144 - INFO - No match found for vessel 26: CAVALLY (IMO: 6807371)
2025-04-11 12:24:32,145 - INFO - No match found for vessel 21: CAP ATLANTIQUE (IMO: 9083653)
2025-04-11 12:24:34,213 - INFO - No match found for vessel 17: BETTENTY (IMO: 9856579)
2025-04-11 12:24:35,006 - INFO - No match found for vessel 27: CAYAR (IMO: 8305054)
2025-04-11 12:24:35,053 - INFO - No match found for vessel 22: CAP DE NAZE (IMO: 7338145)
2025-04-11 12:24:37,066 - INFO - No match found for vessel 18: BLAISE DIAGNE (IMO: 7645512)
2025-04-11 12:24:38,285 - INFO - No match found for vessel 28: CHIQUITA (IMO: 7396587)
2025-04-11 12:24:38,364 - INFO - No match found for vessel 23: CARDAMA 243 (IMO: 9807994)
2025-04-11 12:24:40,126 - INFO - No match found for vessel 19: BOROM DARADJI (IMO: 7021209)
2025-04-11 12:24:41,089 - INFO - No match found for vessel 29: CIBELES (IMO: 8804646)
2025-04-11 12:24:41,102 - INFO - No match found for vessel 24: CASAMANCE (IMO: 7358949)
2025-04-11 12:24:43,235 - INFO - No match found for vessel 20: CAMPELO1 (IMO: 7407659)
2025-04-11 12:24:43,858 - INFO - No match found for vessel 30: COMMANDANT BIRAME THIAW (IMO: 8719243)
2025-04-11 12:24:44,077 - INFO - No match found for vessel 25: CASTLE TOWN (IMO: 8111099)
2025-04-11 12:24:45,815 - INFO - No match found for vessel 31: COUMBA CASTEL (IMO: 9099121)
2025-04-11 12:24:46,344 - INFO - No match found for vessel 36: DJIRNDA (IMO: 7338169)
2025-04-11 12:24:48,121 - INFO - No match found for vessel 41: FADIOUTH (IMO: 7053173)
2025-04-11 12:24:50,019 - INFO - No match found for vessel 32: DIAMBOGNE (IMO: 9714458)
2025-04-11 12:24:50,194 - INFO - No match found for vessel 37: DONAKS (IMO: 8321292)
2025-04-11 12:24:50,814 - INFO - No match found for vessel 42: FASS BOYE (IMO: 7104350)
2025-04-11 12:24:53,013 - INFO - No match found for vessel 33: DIELMON (IMO: 7826635)
2025-04-11 12:24:53,224 - INFO - No match found for vessel 38: EL HADJ ABOUL AZZIZ SY (IMO: 5428738)
2025-04-11 12:24:53,749 - INFO - No match found for vessel 43: FAYDA (IMO: 7386790)
2025-04-11 12:24:55,820 - INFO - No match found for vessel 34: DIOGUE (IMO: 8116178)
2025-04-11 12:24:55,999 - INFO - No match found for vessel 39: ELYETTE (IMO: 8843496)
2025-04-11 12:24:56,532 - INFO - No match found for vessel 44: FOUTA (IMO: 8600832)
2025-04-11 12:24:58,634 - INFO - No match found for vessel 35: DJILOR (IMO: 9118305)
2025-04-11 12:24:58,728 - INFO - No match found for vessel 40: ESCHILO (IMO: 8411322)
2025-04-11 12:24:59,666 - INFO - No match found for vessel 45: GOBER CINCO (IMO: 9276107)
2025-04-11 12:25:01,188 - INFO - No match found for vessel 46: GOUDOMP (IMO: 7338133)
2025-04-11 12:25:02,709 - INFO - No match found for vessel 51: ISA (IMO: 7605926)
2025-04-11 12:25:02,850 - INFO - No match found for vessel 56: JOAL (IMO: 6818966)
2025-04-11 12:25:04,332 - INFO - No match found for vessel 47: GRANADA (IMO: 8102907)
2025-04-11 12:25:05,708 - INFO - No match found for vessel 52: ISAFOLD (IMO: 7321996)
2025-04-11 12:25:06,348 - INFO - No match found for vessel 57: KANBAL II (IMO: 8708464)
2025-04-11 12:25:07,499 - INFO - No match found for vessel 48: HISPASEN II (IMO: 7623241)
2025-04-11 12:25:08,589 - INFO - No match found for vessel 53: ITAF DEME (IMO: 9228461)
2025-04-11 12:25:09,293 - INFO - No match found for vessel 58: KANBAL III        3 (IMO: 7618856)
2025-04-11 12:25:10,639 - INFO - No match found for vessel 49: HOSEI MARU No. 8 (IMO: 8011067)
2025-04-11 12:25:11,515 - INFO - No match found for vessel 54: ITTIPESCA PRIMO (IMO: 8209896)
2025-04-11 12:25:12,503 - INFO - No match found for vessel 59: KANTAR (IMO: 7826623)
2025-04-11 12:25:13,739 - INFO - No match found for vessel 50: ILE AUX SERPENTS (IMO: 7328023)
2025-04-11 12:25:14,846 - INFO - No match found for vessel 55: JILOR (IMO: 7395600)
2025-04-11 12:25:17,952 - INFO - No match found for vessel 66: LAC DE GUIERS (IMO: 8134388)
2025-04-11 12:25:18,256 - INFO - No match found for vessel 60: KARABANE (IMO: 8515582)
2025-04-11 12:25:20,068 - INFO - No match found for vessel 61: KENAVO (IMO: 5419414)
2025-04-11 12:25:20,793 - INFO - No match found for vessel 71: LES MAMELLES (IMO: 7338157)
2025-04-11 12:25:21,356 - INFO - No match found for vessel 67: LAGHEM I (IMO: 7387500)
2025-04-11 12:25:23,038 - INFO - No match found for vessel 62: KENTIA (IMO: 9246815)
2025-04-11 12:25:23,817 - INFO - No match found for vessel 72: LIO I (IMO: 9030058)
2025-04-11 12:25:24,180 - INFO - No match found for vessel 68: LAWTAN (IMO: 7529495)
2025-04-11 12:25:25,754 - INFO - No match found for vessel 63: KOLLARE (IMO: 9243332)
2025-04-11 12:25:27,230 - INFO - No match found for vessel 73: LIO II (IMO: 9030060)
2025-04-11 12:25:27,896 - INFO - No match found for vessel 69: LEO (IMO: 9652143)
2025-04-11 12:25:28,678 - INFO - No match found for vessel 64: KRITI (IMO: 8511043)
2025-04-11 12:25:30,337 - INFO - No match found for vessel 74: LITSA (IMO: 7351472)
2025-04-11 12:25:31,121 - INFO - No match found for vessel 70: LEONA (IMO: 7128526)
2025-04-11 12:25:31,176 - INFO - No match found for vessel 65: KUMBA NDOFFEN JUUF (IMO: 8639900)
2025-04-11 12:25:36,369 - INFO - No match found for vessel 75: LOMPOUL (IMO: 7053185)
2025-04-11 12:25:37,352 - INFO - No match found for vessel 76: LOUIS SAUGER (IMO: 8416047)
2025-04-11 12:25:39,313 - INFO - No match found for vessel 86: MATAR II (IMO: 8827674)
2025-04-11 12:25:40,439 - INFO - No match found for vessel 81: MARC L (IMO: 6914291)
2025-04-11 12:25:40,459 - INFO - No match found for vessel 77: LUCCIA (IMO: 8017762)
2025-04-11 12:25:42,915 - INFO - No match found for vessel 87: MICHELLE (IMO: 8843501)
2025-04-11 12:25:43,033 - INFO - No match found for vessel 78: MAGALI ESTHER (IMO: 8138176)
2025-04-11 12:25:43,613 - INFO - No match found for vessel 82: MARSEILLAIS 8 (IMO: 5226518)
2025-04-11 12:25:46,023 - INFO - No match found for vessel 79: MALIKA (IMO: 7419028)
2025-04-11 12:25:46,046 - INFO - No match found for vessel 88: MV DORETTE (IMO: 7362756)
2025-04-11 12:25:46,686 - INFO - No match found for vessel 83: MARSOR PRIMERO (IMO: 8710819)
