2025-04-11 12:39:34,788 - ERROR - Error with combined search: list index out of range
2025-04-11 12:39:35,536 - INFO - Found SSVID for vessel ABRELA (IMO: 9208978): 663265000 from GFW-IMO-advanced
2025-04-11 12:39:44,723 - INFO - No SSVID found for vessel AGIA GANA (IMO: 8834158)
2025-04-11 12:39:45,952 - ERROR - Error with combined search: list index out of range
2025-04-11 12:39:46,566 - INFO - Found SSVID for vessel AGUENE (IMO: 9714446): 663096000 from GFW-IMO-advanced
2025-04-11 12:39:47,695 - ERROR - Error with combined search: list index out of range
2025-04-11 12:39:48,410 - INFO - Found SSVID for vessel ALINE SITOE DIATTA (IMO: 9383132): 663036000 from GFW-IMO-advanced
2025-04-11 12:39:54,250 - INFO - Found SSVID for vessel ALMADIES (IMO: 8116544): 273357280 from GFW-name-basic
2025-04-11 12:39:55,479 - ERROR - Error with combined search: list index out of range
2025-04-11 12:39:56,089 - INFO - Found SSVID for vessel ALMIRANTE (IMO: 7529536): 663066000 from GFW-IMO-advanced
2025-04-11 12:40:01,930 - INFO - Found SSVID for vessel AMA ASABA (IMO: 7905170): 412437411 from GFW-name-basic
2025-04-11 12:40:08,188 - INFO - Found SSVID for vessel AMERGER I (IMO: 7934597): 800014685 from GFW-name-basic
2025-04-11 12:40:14,038 - INFO - Found SSVID for vessel AMERGER II (IMO: 8012607): 338414574 from GFW-name-basic
2025-04-11 12:40:20,081 - INFO - Found SSVID for vessel AMERGER III (IMO: 8012619): 230001970 from GFW-name-basic
2025-04-11 12:40:21,309 - ERROR - Error with combined search: list index out of range
2025-04-11 12:40:22,022 - INFO - Found SSVID for vessel AMINE (IMO: 8816742): 663093000 from GFW-IMO-advanced
2025-04-11 12:40:23,359 - ERROR - Error with combined search: list index out of range
2025-04-11 12:40:24,178 - INFO - Found SSVID for vessel AMINE (IMO: 8816730): 663093000 from GFW-IMO-advanced
2025-04-11 12:40:25,304 - ERROR - Error with combined search: list index out of range
2025-04-11 12:40:26,943 - INFO - Found SSVID for vessel ANTA SARR (IMO: 8741399): 663102000 from GFW-IMO-advanced
2025-04-11 12:40:32,915 - INFO - Found SSVID for vessel AUGUSTIN E LY (IMO: 8880183): 413990453 from GFW-name-basic
2025-04-11 12:40:38,490 - INFO - Found SSVID for vessel BAKURUS (IMO: 8321280): 265618498 from GFW-name-basic
2025-04-11 12:40:44,355 - INFO - Found SSVID for vessel BALIDAR (IMO: 5034604): 636020023 from GFW-name-basic
2025-04-11 12:40:45,480 - ERROR - Error with combined search: list index out of range
2025-04-11 12:40:46,095 - INFO - Found SSVID for vessel BETTENTY (IMO: 9856579): 663222000 from GFW-IMO-advanced
2025-04-11 12:40:51,623 - INFO - No SSVID found for vessel BLAISE DIAGNE (IMO: 7645512)
2025-04-11 12:40:52,856 - ERROR - Error with combined search: list index out of range
2025-04-11 12:40:53,550 - INFO - Found SSVID for vessel BOROM DARADJI (IMO: 7021209): 663037000 from GFW-IMO-advanced
2025-04-11 12:40:54,698 - ERROR - Error with combined search: list index out of range
2025-04-11 12:40:55,411 - INFO - Found SSVID for vessel CAMPELO1 (IMO: 7407659): 276428000 from GFW-IMO-advanced
2025-04-11 12:40:56,645 - ERROR - Error with combined search: list index out of range
2025-04-11 12:40:57,231 - INFO - Found SSVID for vessel CAP ATLANTIQUE (IMO: 9083653): 431700150 from GFW-IMO-advanced
2025-04-11 12:41:04,433 - INFO - Found SSVID for vessel CAP DE NAZE (IMO: 7338145): 413786933 from GFW-name-basic
2025-04-11 12:41:10,473 - INFO - Found SSVID for vessel CARDAMA 243 (IMO: 9807994): 440000000 from GFW-name-basic
2025-04-11 12:41:13,028 - INFO - Found SSVID for vessel CASAMANCE (IMO: 7358949): 226000060 from GFW-name-advanced
2025-04-11 12:41:14,361 - ERROR - Error with combined search: list index out of range
2025-04-11 12:41:18,970 - INFO - Found SSVID for vessel CASTLE TOWN (IMO: 8111099): 663550001 from GFW-IMO-advanced
2025-04-11 12:41:21,730 - INFO - Found SSVID for vessel CAVALLY (IMO: 6807371): 529230000 from GFW-name-advanced
2025-04-11 12:41:26,662 - INFO - Found SSVID for vessel CAYAR (IMO: 8305054): 368243880 from GFW-name-partial
2025-04-11 12:41:29,106 - INFO - Found SSVID for vessel CHIQUITA (IMO: 7396587): 338159842 from GFW-name-advanced
2025-04-11 12:41:31,560 - INFO - Found SSVID for vessel CIBELES (IMO: 8804646): 228418900 from GFW-name-advanced
2025-04-11 12:41:32,792 - ERROR - Error with combined search: list index out of range
2025-04-11 12:41:33,404 - INFO - Found SSVID for vessel COMMANDANT BIRAME THIAW (IMO: 8719243): 663286000 from GFW-IMO-advanced
2025-04-11 12:41:39,035 - INFO - No SSVID found for vessel COUMBA CASTEL (IMO: 9099121)
2025-04-11 12:41:40,268 - ERROR - Error with combined search: list index out of range
2025-04-11 12:41:40,983 - INFO - Found SSVID for vessel DIAMBOGNE (IMO: 9714458): 376557000 from GFW-IMO-advanced
2025-04-11 12:41:47,408 - INFO - Found SSVID for vessel DIELMON (IMO: 7826635): 466508520 from GFW-name-basic
2025-04-11 12:41:48,506 - ERROR - Error with combined search: list index out of range
2025-04-11 12:41:49,279 - INFO - Found SSVID for vessel DIOGUE (IMO: 8116178): 663105000 from GFW-IMO-advanced
2025-04-11 12:41:50,396 - ERROR - Error with combined search: list index out of range
2025-04-11 12:41:51,123 - INFO - Found SSVID for vessel DJILOR (IMO: 9118305): 663191000 from GFW-IMO-advanced
2025-04-11 12:41:56,546 - INFO - No SSVID found for vessel DJIRNDA (IMO: 7338169)
2025-04-11 12:42:02,588 - INFO - No SSVID found for vessel DONAKS (IMO: 8321292)
2025-04-11 12:42:11,711 - INFO - Found SSVID for vessel EL HADJ ABOUL AZZIZ SY (IMO: 5428738): 415001149 from GFW-name-basic
2025-04-11 12:42:17,030 - INFO - Found SSVID for vessel ELYETTE (IMO: 8843496): 230157170 from GFW-name-basic
2025-04-11 12:42:19,589 - INFO - Found SSVID for vessel ESCHILO (IMO: 8411322): 247154300 from GFW-name-advanced
2025-04-11 12:42:24,195 - INFO - Found SSVID for vessel FADIOUTH (IMO: 7053173): 663336000 from GFW-name-advanced
2025-04-11 12:42:29,598 - INFO - Found SSVID for vessel FASS BOYE (IMO: 7104350): 413382000 from GFW-name-basic
2025-04-11 12:42:33,822 - INFO - Found SSVID for vessel FAYDA (IMO: 7386790): 408902497 from GFW-name-partial
2025-04-11 12:42:39,358 - INFO - Found SSVID for vessel FOUTA (IMO: 8600832): 228136670 from GFW-name-basic
2025-04-11 12:42:40,475 - ERROR - Error with combined search: list index out of range
2025-04-11 12:42:41,091 - INFO - Found SSVID for vessel GOBER CINCO (IMO: 9276107): 663167000 from GFW-IMO-advanced
2025-04-11 12:42:46,313 - INFO - No SSVID found for vessel GOUDOMP (IMO: 7338133)
2025-04-11 12:42:47,546 - ERROR - Error with combined search: list index out of range
2025-04-11 12:42:48,261 - INFO - Found SSVID for vessel GRANADA (IMO: 8102907): 663141000 from GFW-IMO-advanced
2025-04-11 12:42:53,962 - INFO - Found SSVID for vessel HISPASEN II (IMO: 7623241): 777889202 from GFW-name-basic
2025-04-11 12:42:59,837 - INFO - Found SSVID for vessel HOSEI MARU No. 8 (IMO: 8011067): 431007708 from GFW-name-basic
2025-04-11 12:43:05,877 - INFO - Found SSVID for vessel ILE AUX SERPENTS (IMO: 7328023): 985030099 from GFW-name-basic
2025-04-11 12:43:08,292 - INFO - Found SSVID for vessel ISA (IMO: 7605926): 422341406 from GFW-name-advanced
2025-04-11 12:43:10,787 - INFO - Found SSVID for vessel ISAFOLD (IMO: 7321996): 258116000 from GFW-name-advanced
2025-04-11 12:43:11,916 - ERROR - Error with combined search: list index out of range
2025-04-11 12:43:12,530 - INFO - Found SSVID for vessel ITAF DEME (IMO: 9228461): 663000140 from GFW-IMO-advanced
2025-04-11 12:43:18,139 - INFO - No SSVID found for vessel ITTIPESCA PRIMO (IMO: 8209896)
2025-04-11 12:43:22,423 - INFO - Found SSVID for vessel JILOR (IMO: 7395600): 663191000 from GFW-name-partial
2025-04-11 12:43:30,457 - INFO - Found SSVID for vessel JOAL (IMO: 6818966): 228234700 from GFW-name-partial
2025-04-11 12:43:31,679 - ERROR - Error with combined search: list index out of range
2025-04-11 12:43:32,292 - INFO - Found SSVID for vessel KANBAL II (IMO: 8708464): 663131000 from GFW-IMO-advanced
2025-04-11 12:43:34,040 - INFO - Found SSVID for vessel KANBAL III        3 (IMO: 7618856): 663521000 from GFW-IMO-advanced
2025-04-11 12:43:36,595 - INFO - Found SSVID for vessel KANTAR (IMO: 7826623): 238560310 from GFW-name-advanced
2025-04-11 12:43:41,924 - INFO - No SSVID found for vessel KARABANE (IMO: 8515582)
2025-04-11 12:43:44,478 - INFO - Found SSVID for vessel KENAVO (IMO: 5419414): 244630538 from GFW-name-advanced
2025-04-11 12:43:45,709 - ERROR - Error with combined search: list index out of range
2025-04-11 12:43:46,324 - INFO - Found SSVID for vessel KENTIA (IMO: 9246815): 663152000 from GFW-IMO-advanced
2025-04-11 12:43:51,753 - INFO - Found SSVID for vessel KOLLARE (IMO: 9243332): 244660198 from GFW-name-basic
2025-04-11 12:43:54,409 - INFO - Found SSVID for vessel KRITI (IMO: 8511043): 338138679 from GFW-name-advanced
2025-04-11 12:43:59,939 - INFO - No SSVID found for vessel KUMBA NDOFFEN JUUF (IMO: 8639900)
2025-04-11 12:44:05,758 - INFO - Found SSVID for vessel LAC DE GUIERS (IMO: 8134388): 574604022 from GFW-name-basic
2025-04-11 12:44:07,627 - INFO - Found SSVID for vessel LAGHEM I (IMO: 7387500): 663111111 from GFW-IMO-advanced
2025-04-11 12:44:13,299 - INFO - Found SSVID for vessel LAWTAN (IMO: 7529495): 227161420 from GFW-name-basic
2025-04-11 12:44:14,418 - ERROR - Error with combined search: list index out of range
2025-04-11 12:44:15,039 - INFO - Found SSVID for vessel LEO (IMO: 9652143): 775822000 from GFW-IMO-advanced
2025-04-11 12:44:17,556 - INFO - Found SSVID for vessel LEONA (IMO: 7128526): 269118510 from GFW-name-advanced
2025-04-11 12:44:23,024 - INFO - No SSVID found for vessel LES MAMELLES (IMO: 7338157)
2025-04-11 12:44:24,825 - INFO - Found SSVID for vessel LIO I (IMO: 9030058): 663000122 from GFW-IMO-advanced
2025-04-11 12:44:26,051 - ERROR - Error with combined search: list index out of range
2025-04-11 12:44:26,667 - INFO - Found SSVID for vessel LIO II (IMO: 9030060): 663000123 from GFW-IMO-advanced
2025-04-11 12:44:29,729 - INFO - Found SSVID for vessel LITSA (IMO: 7351472): 22 from GFW-name-advanced
2025-04-11 12:44:35,078 - INFO - No SSVID found for vessel LOMPOUL (IMO: 7053185)
2025-04-11 12:44:40,899 - INFO - No SSVID found for vessel LOUIS SAUGER (IMO: 8416047)
2025-04-11 12:44:44,791 - INFO - Found SSVID for vessel LUCCIA (IMO: 8017762): 663161000 from GFW-IMO-advanced
2025-04-11 12:44:50,322 - INFO - No SSVID found for vessel MAGALI ESTHER (IMO: 8138176)
2025-04-11 12:44:52,712 - INFO - Found SSVID for vessel MALIKA (IMO: 7419028): 257943870 from GFW-name-advanced
2025-04-11 12:44:55,342 - INFO - Found SSVID for vessel MAMI (IMO: 8844012): 567001793 from GFW-name-advanced
2025-04-11 12:45:00,460 - INFO - Found SSVID for vessel MARC L (IMO: 6914291): 657204000 from GFW-name-partial
2025-04-11 12:45:06,403 - INFO - Found SSVID for vessel MARSEILLAIS 8 (IMO: 5226518): 412331082 from GFW-name-basic
2025-04-11 12:45:07,526 - ERROR - Error with combined search: list index out of range
2025-04-11 12:45:08,140 - INFO - Found SSVID for vessel MARSOR PRIMERO (IMO: 8710819): 663175000 from GFW-IMO-advanced
2025-04-11 12:45:09,834 - INFO - Found SSVID for vessel MASEOUD NO. 3 (IMO: 9874868): 663220000 from GFW-IMO-advanced
2025-04-11 12:45:14,998 - INFO - Found SSVID for vessel MATAR I (IMO: 8827662): 235050415 from GFW-name-partial
2025-04-11 12:45:20,427 - INFO - Found SSVID for vessel MATAR II (IMO: 8827674): 235050415 from GFW-name-partial
2025-04-11 12:45:22,991 - INFO - Found SSVID for vessel MICHELLE (IMO: 8843501): 211198530 from GFW-name-advanced
2025-04-11 12:45:24,218 - ERROR - Error with combined search: list index out of range
2025-04-11 12:45:24,931 - INFO - Found SSVID for vessel MV DORETTE (IMO: 7362756): 663233000 from GFW-IMO-advanced
2025-04-11 12:45:26,062 - ERROR - Error with combined search: list index out of range
2025-04-11 12:45:26,775 - INFO - Found SSVID for vessel NATA (IMO: 8617421): 663180000 from GFW-IMO-advanced
2025-04-11 12:45:31,998 - INFO - No SSVID found for vessel NETTALI (IMO: 7529483)
2025-04-11 12:45:37,530 - INFO - Found SSVID for vessel NEUTAN (IMO: 7387378): 265026260 from GFW-name-basic
2025-04-11 12:45:40,087 - INFO - Found SSVID for vessel NIKOLAOS K (IMO: 8402034): 240253000 from GFW-name-advanced
2025-04-11 12:45:45,515 - INFO - Found SSVID for vessel NIODOR (IMO: 7053197): 227692280 from GFW-name-basic
2025-04-11 12:45:47,358 - INFO - Found SSVID for vessel NUEVONOSOLAR (IMO: 9039896): 762178000 from GFW-IMO-advanced
2025-04-11 12:45:49,756 - INFO - Found SSVID for vessel NUOVO EURIPIDE (IMO: 8714889): 247141410 from GFW-name-advanced
2025-04-11 12:45:55,038 - INFO - No SSVID found for vessel NUOVO SOCRATE (IMO: 8324945)
2025-04-11 12:45:59,546 - INFO - Found SSVID for vessel OCEAN PESCA II (IMO: 7315492): 663000300 from GFW-name-partial
2025-04-11 12:46:00,772 - ERROR - Error with combined search: list index out of range
2025-04-11 12:46:01,492 - INFO - Found SSVID for vessel OCEAN PESCA III (IMO: 8702290): 663000300 from GFW-IMO-advanced
2025-04-11 12:46:02,619 - ERROR - Error with combined search: list index out of range
2025-04-11 12:46:03,331 - INFO - Found SSVID for vessel ONUDAK I (IMO: 8809957): 663000000 from GFW-IMO-advanced
2025-04-11 12:46:04,420 - ERROR - Error with combined search: list index out of range
2025-04-11 12:46:05,020 - INFO - Found SSVID for vessel ONUDAK II (IMO: 8819445): 663169000 from GFW-IMO-advanced
2025-04-11 12:46:06,305 - ERROR - Error with combined search: list index out of range
2025-04-11 12:46:07,023 - INFO - Found SSVID for vessel ORIENTAL KIM (IMO: 7827495): 640822000 from GFW-IMO-advanced
2025-04-11 12:46:08,868 - INFO - Found SSVID for vessel PDT MAGATE AYA D II (IMO: 8606355): 663285000 from GFW-IMO-advanced
2025-04-11 12:46:15,051 - INFO - Found SSVID for vessel PEIX 8 (IMO: 8715663): 8899612 from GFW-name-basic
2025-04-11 12:46:16,208 - ERROR - Error with combined search: list index out of range
2025-04-11 12:46:16,871 - INFO - Found SSVID for vessel PEIX MAR 25 (IMO: 8733744): 663252000 from GFW-IMO-advanced
2025-04-11 12:46:21,525 - INFO - Found SSVID for vessel PEIXEMAR (IMO: 8220541): 224273000 from GFW-name-partial
2025-04-11 12:46:23,492 - ERROR - Error with combined search: list index out of range
2025-04-11 12:46:24,120 - INFO - Found SSVID for vessel PLAYA DE DAKAR (IMO: 9144615): 664128000 from GFW-IMO-advanced
2025-04-11 12:46:29,648 - INFO - No SSVID found for vessel POINTE SANGOMAR (IMO: 7046352)
2025-04-11 12:46:30,880 - ERROR - Error with combined search: list index out of range
2025-04-11 12:46:31,496 - INFO - Found SSVID for vessel PONT SAINT LOUIS (IMO: 8222422): 663136000 from GFW-IMO-advanced
2025-04-11 12:46:36,921 - INFO - Found SSVID for vessel POPENGUINE (IMO: 6129420): 663082000 from GFW-name-basic
2025-04-11 12:46:38,046 - ERROR - Error with combined search: list index out of range
2025-04-11 12:46:38,661 - INFO - Found SSVID for vessel POSH GALLANT (IMO: 9728021): 565489000 from GFW-IMO-advanced
2025-04-11 12:46:39,789 - ERROR - Error with combined search: list index out of range
2025-04-11 12:46:40,403 - INFO - Found SSVID for vessel POSH GENTLE (IMO: 9728033): 663236000 from GFW-IMO-advanced
2025-04-11 12:46:41,538 - ERROR - Error with combined search: list index out of range
2025-04-11 12:46:42,144 - INFO - Found SSVID for vessel PRAIA DA MAROSA (IMO: 8731813): 224097970 from GFW-IMO-advanced
2025-04-11 12:46:43,371 - ERROR - Error with combined search: list index out of range
2025-04-11 12:46:43,985 - INFO - Found SSVID for vessel RAMATOULAYE (IMO: 7110414): 663000000 from GFW-IMO-advanced
2025-04-11 12:46:45,625 - INFO - Found SSVID for vessel RIA  DE  DAKAR (IMO: 9003342): 653103000 from GFW-IMO-advanced
2025-04-11 12:46:46,732 - ERROR - Error with combined search: list index out of range
2025-04-11 12:46:47,929 - INFO - Found SSVID for vessel RIO AGUEDA (IMO: 9034262): 663134000 from GFW-IMO-advanced
2025-04-11 12:46:54,720 - INFO - Found SSVID for vessel SABOU NO. 2 (IMO: 7388293): 666655555 from GFW-name-basic
2025-04-11 12:46:57,076 - INFO - Found SSVID for vessel SALLY (IMO: 7328035): 265618440 from GFW-name-advanced
2025-04-11 12:46:59,616 - INFO - Found SSVID for vessel SAMBA LAOBE FALL (IMO: 9423803): 663026000 from GFW-name-advanced
2025-04-11 12:47:00,793 - ERROR - Error with combined search: list index out of range
2025-04-11 12:47:01,439 - INFO - Found SSVID for vessel SEA DEFENDER (IMO: 8996190): 542445110 from GFW-IMO-advanced
2025-04-11 12:47:02,603 - ERROR - Error with combined search: list index out of range
2025-04-11 12:47:03,206 - INFO - Found SSVID for vessel SEGUNDO SAN RAFAEL (IMO: 8818099): 663039000 from GFW-IMO-advanced
2025-04-11 12:47:08,813 - INFO - Found SSVID for vessel SEYDOU NOROU TAAL II (IMO: 7431442): 338414574 from GFW-name-basic
2025-04-11 12:47:09,943 - ERROR - Error with combined search: list index out of range
2025-04-11 12:47:10,581 - INFO - Found SSVID for vessel SIERRA DE DAKAR (IMO: 9144627): 224083570 from GFW-IMO-advanced
2025-04-11 12:47:15,822 - INFO - Found SSVID for vessel SIRIMANA (IMO: 7118026): 730152003 from GFW-name-basic
2025-04-11 12:47:21,676 - INFO - Found SSVID for vessel SOACHIP 11 (IMO: 8832710): 413784006 from GFW-name-basic
2025-04-11 12:47:27,720 - INFO - Found SSVID for vessel SOACHIP 12 (IMO: 8832734): 66550001 from GFW-name-basic
2025-04-11 12:47:28,805 - ERROR - Error with combined search: list index out of range
2025-04-11 12:47:29,452 - INFO - Found SSVID for vessel SOFIA (IMO: 8921638): 663138000 from GFW-IMO-advanced
2025-04-11 12:47:34,828 - INFO - Found SSVID for vessel SOLEIL 51 (IMO: 8896687): 368238390 from GFW-name-basic
2025-04-11 12:47:39,899 - INFO - Found SSVID for vessel SOLEIL 61 (IMO: 8896699): 889600006 from GFW-IMO-basic
2025-04-11 12:47:40,984 - ERROR - Error with combined search: list index out of range
2025-04-11 12:47:41,554 - INFO - Found SSVID for vessel SOLEVANT (IMO: 8104204): 619002000 from GFW-IMO-advanced
2025-04-11 12:47:44,002 - INFO - Found SSVID for vessel SONA (IMO: 8617433): 518999034 from GFW-name-advanced
2025-04-11 12:47:45,083 - ERROR - Error with combined search: list index out of range
2025-04-11 12:47:45,622 - INFO - Found SSVID for vessel TOUBA (IMO: 8818087): 663104000 from GFW-IMO-advanced
2025-04-11 12:47:48,040 - INFO - Found SSVID for vessel VB GOREE (IMO: 8619041): 377091000 from GFW-name-advanced
2025-04-11 12:47:49,136 - ERROR - Error with combined search: list index out of range
2025-04-11 12:47:49,730 - INFO - Found SSVID for vessel VB JOAL (IMO: 9357341): 228234700 from GFW-IMO-advanced
2025-04-11 12:47:50,854 - ERROR - Error with combined search: list index out of range
2025-04-11 12:47:51,467 - INFO - Found SSVID for vessel VB NORA (IMO: 9264374): 663076000 from GFW-IMO-advanced
2025-04-11 12:47:52,595 - ERROR - Error with combined search: list index out of range
2025-04-11 12:47:53,208 - INFO - Found SSVID for vessel VB SANGOMAR (IMO: 9357274): 663172000 from GFW-IMO-advanced
2025-04-11 12:47:55,681 - INFO - Found SSVID for vessel VB SOMONE (IMO: 8615590): 663054000 from GFW-name-advanced
2025-04-11 12:47:56,885 - ERROR - Error with combined search: list index out of range
2025-04-11 12:47:57,612 - INFO - Found SSVID for vessel VEMA (IMO: 5251408): 663142000 from GFW-IMO-advanced
2025-04-11 12:47:59,968 - INFO - Found SSVID for vessel VENE (IMO: 6519259): 368251270 from GFW-name-advanced
2025-04-11 12:48:01,147 - ERROR - Error with combined search: list index out of range
2025-04-11 12:48:01,813 - INFO - Found SSVID for vessel WESTERN KIM (IMO: 8003242): 663147000 from GFW-IMO-advanced
2025-04-11 12:48:03,078 - ERROR - Error with combined search: list index out of range
2025-04-11 12:48:03,760 - INFO - Found SSVID for vessel XIXILI (IMO: 7413828): 441865000 from GFW-IMO-advanced
2025-04-11 12:48:09,601 - INFO - Found SSVID for vessel AMERGER I (IMO: 7621903): 800014685 from GFW-name-basic
2025-04-11 12:48:15,335 - INFO - Found SSVID for vessel AMERGER II (IMO: 7621915): 338414574 from GFW-name-basic
2025-04-11 12:48:21,375 - INFO - Found SSVID for vessel AMERGER III (IMO: 7621927): 230001970 from GFW-name-basic
2025-04-11 12:48:21,880 - INFO - Found SSVID for vessel AMINE (1) (IMO: 8816742): 663093000 from local-db
2025-04-11 12:48:22,386 - INFO - Found SSVID for vessel AMINE (2) (IMO: 8816730): 663093000 from local-db
2025-04-11 12:48:25,059 - INFO - Found SSVID for vessel ANTA SARR (IMO: 8821939): 663102000 from GFW-name-advanced
2025-04-11 12:48:30,793 - INFO - Found SSVID for vessel BAKURUS (IMO: 8721426): 265618498 from GFW-name-basic
2025-04-11 12:48:35,094 - INFO - Found SSVID for vessel BOROM DARADJI (IMO: 8731239): 663037000 from GFW-name-advanced
2025-04-11 12:48:36,831 - INFO - Found SSVID for vessel CAMPELO1 (IMO: 7234167): 663273000 from GFW-IMO-advanced
2025-04-11 12:48:43,346 - INFO - Found SSVID for vessel CAP DE NAZE (IMO: 8713095): 413786933 from GFW-name-basic
2025-04-11 12:48:45,919 - INFO - Found SSVID for vessel CASTLE TOWN (IMO: 7433516): 663550001 from GFW-name-advanced
2025-04-11 12:48:48,915 - INFO - Found SSVID for vessel CHIQUITA (IMO: 8738106): 338159842 from GFW-name-advanced
2025-04-11 12:48:51,206 - INFO - Found SSVID for vessel CIBELES (IMO: 8738118): 228418900 from GFW-name-advanced
2025-04-11 12:48:57,427 - INFO - Found SSVID for vessel COMMANDANT B. THIAW (IMO: 7507900): 109056476 from GFW-name-basic
2025-04-11 12:49:03,049 - INFO - Found SSVID for vessel DIELMON (IMO: 8922706): 466508520 from GFW-name-basic
2025-04-11 12:49:08,370 - INFO - No SSVID found for vessel DJIRNDA (IMO: 8738120)
2025-04-11 12:49:14,000 - INFO - No SSVID found for vessel DONAKS (IMO: 8729586)
2025-04-11 12:49:19,331 - INFO - Found SSVID for vessel ELYETTE (IMO: 7013441): 230157170 from GFW-name-basic
2025-04-11 12:49:21,657 - INFO - Found SSVID for vessel ESCHILO (IMO: 8738144): 247154300 from GFW-name-advanced
2025-04-11 12:49:23,896 - INFO - Found SSVID for vessel FADIOUTH (IMO: 8922689): 663336000 from GFW-name-advanced
2025-04-11 12:49:29,567 - INFO - Found SSVID for vessel FASS BOYE (IMO: 8922691): 413382000 from GFW-name-basic
2025-04-11 12:49:33,786 - INFO - Found SSVID for vessel FAYDA (IMO: 8738132): 408902497 from GFW-name-partial
2025-04-11 12:49:39,509 - INFO - Found SSVID for vessel FOUTA (IMO: 8738156): 228136670 from GFW-name-basic
2025-04-11 12:49:41,755 - INFO - Found SSVID for vessel GOBER CINCO (IMO: 8793452): 663167000 from GFW-name-advanced
2025-04-11 12:49:47,078 - INFO - No SSVID found for vessel GOUDOMP (IMO: 8922719)
2025-04-11 12:49:52,815 - INFO - Found SSVID for vessel HISPASEN II (IMO: 8738168): 777889202 from GFW-name-basic
2025-04-11 12:49:58,584 - INFO - Found SSVID for vessel HOSEI MARU No. 8 (IMO: 8017574): 431007708 from GFW-name-basic
2025-04-11 12:50:01,142 - INFO - Found SSVID for vessel ITAF DEME (IMO: 8697689): 663000140 from GFW-name-advanced
2025-04-11 12:50:06,675 - INFO - No SSVID found for vessel ITTIPESCA PRIMO (IMO: 8738170)
2025-04-11 12:50:11,351 - INFO - Found SSVID for vessel JILOR (IMO: 8608678): 663191000 from GFW-name-partial
2025-04-11 12:50:14,002 - INFO - Found SSVID for vessel KANBAL II (IMO: 8767238): 663131000 from GFW-name-advanced
2025-04-11 12:50:16,580 - INFO - Found SSVID for vessel KANBAL III (IMO: 8767240): 663521000 from GFW-name-advanced
2025-04-11 12:50:19,235 - INFO - Found SSVID for vessel KANTAR (IMO: 8738182): 238560310 from GFW-name-advanced
2025-04-11 12:50:25,059 - INFO - Found SSVID for vessel LAGHEM I (IMO: 8612538): 800014685 from GFW-name-basic
2025-04-11 12:50:30,499 - INFO - Found SSVID for vessel LAWTAN (IMO: 8738194): 227161420 from GFW-name-basic
2025-04-11 12:50:33,063 - INFO - Found SSVID for vessel LEONA (IMO: 8793440): 269118510 from GFW-name-advanced
2025-04-11 12:50:38,177 - INFO - No SSVID found for vessel LES MAMELLES (IMO: 8738209)
2025-04-11 12:50:40,531 - INFO - Found SSVID for vessel LIO I (IMO: 8738211): 88 from GFW-name-advanced
2025-04-11 12:50:43,095 - INFO - Found SSVID for vessel LIO II (IMO: 8738223): 663000122 from GFW-name-advanced
2025-04-11 12:50:45,613 - INFO - Found SSVID for vessel LITSA (IMO: 8738235): 22 from GFW-name-advanced
2025-04-11 12:50:50,873 - INFO - No SSVID found for vessel LOMPOUL (IMO: 8738247)
2025-04-11 12:50:56,040 - INFO - No SSVID found for vessel LOUIS SAUGER (IMO: 8738259)
2025-04-11 12:50:58,452 - INFO - Found SSVID for vessel LUCCIA (IMO: 7346483): 225981248 from GFW-name-advanced
2025-04-11 12:51:03,878 - INFO - No SSVID found for vessel MAGALI ESTHER (IMO: 8738261)
2025-04-11 12:51:06,439 - INFO - Found SSVID for vessel MAMI (IMO: 8738273): 567001793 from GFW-name-advanced
2025-04-11 12:51:08,896 - INFO - Found SSVID for vessel MARSOR PRIMERO (IMO: 8738285): 663175000 from GFW-name-advanced
2025-04-11 12:51:14,552 - INFO - Found SSVID for vessel MASEOUD No. 3 (IMO: 8009239): 666655555 from GFW-name-basic
2025-04-11 12:51:19,344 - INFO - Found SSVID for vessel MATAR I (IMO: 8738297): 235050415 from GFW-name-partial
2025-04-11 12:51:23,540 - INFO - Found SSVID for vessel MATAR II (IMO: 8738302): 235050415 from GFW-name-partial
2025-04-11 12:51:25,947 - INFO - Found SSVID for vessel MICHELLE (IMO: 8738314): 211198530 from GFW-name-advanced
2025-04-11 12:51:28,658 - INFO - Found SSVID for vessel MV DORETTE (IMO: 7228008): 613811700 from GFW-name-advanced
2025-04-11 12:51:31,083 - INFO - Found SSVID for vessel NATA (IMO: 8780462): 244180262 from GFW-name-advanced
2025-04-11 12:51:38,594 - INFO - No SSVID found for vessel NETTALI (IMO: 8772673)
2025-04-11 12:51:45,865 - INFO - Found SSVID for vessel NEUTAN (IMO: 8793414): 265026260 from GFW-name-basic
2025-04-11 12:51:48,326 - INFO - Found SSVID for vessel NIKOLAOS K (IMO: 7021130): 240253000 from GFW-name-advanced
2025-04-11 12:51:53,752 - INFO - Found SSVID for vessel NIODOR (IMO: 8738326): 227692280 from GFW-name-basic
2025-04-11 12:51:56,252 - INFO - Found SSVID for vessel NUEVO NOSOLAR (IMO: 8747690): 762178000 from GFW-name-advanced
2025-04-11 12:51:58,770 - INFO - Found SSVID for vessel NUOVO EURIPIDE (IMO: 8738338): 247141410 from GFW-name-advanced
2025-04-11 12:52:04,397 - INFO - No SSVID found for vessel NUOVO SOCRATE (IMO: 8738340)
2025-04-11 12:52:08,599 - INFO - Found SSVID for vessel OCEAN PESCA II (IMO: 8613711): 663000300 from GFW-name-partial
2025-04-11 12:52:11,301 - INFO - Found SSVID for vessel OCEAN PESCA III (IMO: 8613723): 663000300 from GFW-name-advanced
2025-04-11 12:52:13,871 - INFO - Found SSVID for vessel ONUDAK I (IMO: 8738352): 663000000 from GFW-name-advanced
2025-04-11 12:52:16,177 - INFO - Found SSVID for vessel ONUDAK II (IMO: 8738364): 663169000 from GFW-name-advanced
2025-04-11 12:52:18,636 - INFO - Found SSVID for vessel ORIENTAL KIM (IMO: 8505533): 440822000 from GFW-name-advanced
2025-04-11 12:52:24,675 - INFO - Found SSVID for vessel PDT MAGATE AYA D II (IMO: 8519208): 411041799 from GFW-name-basic
2025-04-11 12:52:30,312 - INFO - Found SSVID for vessel PEIX 8 (IMO: 8738376): 8899612 from GFW-name-basic
2025-04-11 12:52:35,121 - INFO - Found SSVID for vessel PEIXEMAR (IMO: 8738388): 224273000 from GFW-name-partial
2025-04-11 12:52:37,678 - INFO - Found SSVID for vessel PEIX MAR 25 (IMO: 8756718): 224033000 from GFW-name-advanced
2025-04-11 12:52:40,138 - INFO - Found SSVID for vessel PLAYA DE DAKAR (IMO: 8740467): 663108000 from GFW-name-advanced
2025-04-11 12:52:45,562 - INFO - No SSVID found for vessel POINTE SANGOMAR (IMO: 8006375)
2025-04-11 12:52:48,021 - INFO - Found SSVID for vessel RAMATOULAYE (IMO: 8738390): 663000000 from GFW-name-advanced
2025-04-11 12:52:50,374 - INFO - Found SSVID for vessel RIA DE DAKAR (IMO: 8740481): 653103000 from GFW-name-advanced
2025-04-11 12:52:52,966 - INFO - Found SSVID for vessel RIO AGUEDA (IMO: 8738405): 663134000 from GFW-name-advanced
2025-04-11 12:52:58,780 - INFO - Found SSVID for vessel SABOU No. 2 (IMO: 8022195): 666655555 from GFW-name-basic
2025-04-11 12:53:01,288 - INFO - Found SSVID for vessel SALLY (IMO: 8738417): 265618440 from GFW-name-advanced
2025-04-11 12:53:03,793 - INFO - Found SSVID for vessel SEA DEFENDER (IMO: 8613244): 542445110 from GFW-name-advanced
2025-04-11 12:53:06,137 - INFO - Found SSVID for vessel SEGUNDO SAN RAFAEL (IMO: 8704318): 663039000 from GFW-name-advanced
2025-04-11 12:53:12,296 - INFO - Found SSVID for vessel SEYDOU NOROU TAAL II (IMO: 8713083): 338414574 from GFW-name-basic
2025-04-11 12:53:14,753 - INFO - Found SSVID for vessel SIERRA DE DAKAR (IMO: 8740493): 240000000 from GFW-name-advanced
2025-04-11 12:53:21,000 - INFO - Found SSVID for vessel SOACHIP 11 (IMO: 8738429): 413784006 from GFW-name-basic
2025-04-11 12:53:26,736 - INFO - Found SSVID for vessel SOACHIP 12 (IMO: 8738431): 66550001 from GFW-name-basic
2025-04-11 12:53:32,776 - INFO - Found SSVID for vessel SOFIA (IMO: 8738443): 257082210 from GFW-name-advanced
2025-04-11 12:53:38,505 - INFO - Found SSVID for vessel SOLEIL 51 (IMO: 8738455): 368238390 from GFW-name-basic
2025-04-11 12:53:44,138 - INFO - Found SSVID for vessel SOLEIL 61 (IMO: 8738467): 368238390 from GFW-name-basic
2025-04-11 12:53:46,593 - INFO - Found SSVID for vessel SOLEVANT (IMO: 8738479): 619002000 from GFW-name-advanced
2025-04-11 12:53:49,041 - INFO - Found SSVID for vessel SONA (IMO: 8738481): 518999034 from GFW-name-advanced
2025-04-11 12:53:51,511 - INFO - Found SSVID for vessel WESTERN KIM (IMO: 8505545): 663147000 from GFW-name-advanced
2025-04-11 12:53:52,016 - INFO - Found SSVID for vessel AUGUSTIN E. LY (IMO: 8880183): 413990453 from local-db
2025-04-11 12:53:56,937 - INFO - Found SSVID for vessel CAYAR (IMO: 7230094): 368243880 from GFW-name-partial
2025-04-11 12:54:02,362 - INFO - No SSVID found for vessel COUMBA CASTEL (IMO: 8833940)
2025-04-11 12:54:04,821 - INFO - Found SSVID for vessel DIOGUE (IMO: 7521567): 663105000 from GFW-name-advanced
2025-04-11 12:54:05,326 - INFO - Found SSVID for vessel ISAFOLD (SALY) (IMO: 7321996): 258116000 from local-db
2025-04-11 12:54:10,657 - INFO - No SSVID found for vessel KARABANE (IMO: 7016311)
2025-04-11 12:54:16,297 - INFO - Found SSVID for vessel LAC DE GUIERS (IMO: 8983261): 574604022 from GFW-name-basic
2025-04-11 12:54:18,851 - INFO - Found SSVID for vessel LEO (IMO: 8769762): 273878000 from GFW-name-advanced
2025-04-11 12:54:24,485 - INFO - Found SSVID for vessel POPENGUINE (IMO: 8740479): 663082000 from GFW-name-basic
2025-04-11 12:54:27,351 - INFO - Found SSVID for vessel SAMBA LAOBE FALL (IMO: 8971899): 663026000 from GFW-name-advanced
2025-04-11 12:54:29,705 - INFO - Found SSVID for vessel VB GOREE (IMO: 9012535): 377091000 from GFW-name-advanced
2025-04-11 12:54:32,106 - INFO - Found SSVID for vessel VB NORA (IMO: 9224433): 663076000 from GFW-name-advanced
2025-04-11 12:54:34,622 - INFO - Found SSVID for vessel VB SOMONE (IMO: 9012523): 663054000 from GFW-name-advanced
